C:\USERS\M\DESKTOP\AS4\DEBUG\VC110.PDB
C:\USERS\M\DESKTOP\AS4\DEBUG\EXAMPLE_01.OBJ
C:\USERS\M\DESKTOP\AS4\DEBUG\AS1.ILK
C:\USERS\M\DESKTOP\AS4\DEBUG\AS1.EXE
C:\USERS\M\DESKTOP\AS4\DEBUG\AS1.PDB
C:\Users\m\Desktop\as4\Debug\example_01.obj
C:\Users\m\Desktop\as4\Debug\as1.ilk
C:\Users\m\Desktop\as4\Debug\cl.command.1.tlog
C:\Users\m\Desktop\as4\Debug\CL.read.1.tlog
C:\Users\m\Desktop\as4\Debug\CL.write.1.tlog
C:\Users\m\Desktop\as4\Debug\link-cvtres.read.1.tlog
C:\Users\m\Desktop\as4\Debug\link-cvtres.write.1.tlog
C:\Users\m\Desktop\as4\Debug\link-rc.read.1.tlog
C:\Users\m\Desktop\as4\Debug\link-rc.write.1.tlog
C:\Users\m\Desktop\as4\Debug\link.10236-cvtres.read.1.tlog
C:\Users\m\Desktop\as4\Debug\link.10236-cvtres.write.1.tlog
C:\Users\m\Desktop\as4\Debug\link.10236-rc.read.1.tlog
C:\Users\m\Desktop\as4\Debug\link.10236-rc.write.1.tlog
C:\Users\m\Desktop\as4\Debug\link.10236.read.1.tlog
C:\Users\m\Desktop\as4\Debug\link.10236.write.1.tlog
C:\Users\m\Desktop\as4\Debug\link.1132-cvtres.read.1.tlog
C:\Users\m\Desktop\as4\Debug\link.1132-cvtres.write.1.tlog
C:\Users\m\Desktop\as4\Debug\link.1132-rc.read.1.tlog
C:\Users\m\Desktop\as4\Debug\link.1132-rc.write.1.tlog
C:\Users\m\Desktop\as4\Debug\link.1132.read.1.tlog
C:\Users\m\Desktop\as4\Debug\link.1132.write.1.tlog
C:\Users\m\Desktop\as4\Debug\link.1256-cvtres.read.1.tlog
C:\Users\m\Desktop\as4\Debug\link.1256-cvtres.write.1.tlog
C:\Users\m\Desktop\as4\Debug\link.1256-rc.read.1.tlog
C:\Users\m\Desktop\as4\Debug\link.1256-rc.write.1.tlog
C:\Users\m\Desktop\as4\Debug\link.1256.read.1.tlog
C:\Users\m\Desktop\as4\Debug\link.1256.write.1.tlog
C:\Users\m\Desktop\as4\Debug\link.1624-cvtres.read.1.tlog
C:\Users\m\Desktop\as4\Debug\link.1624-cvtres.write.1.tlog
C:\Users\m\Desktop\as4\Debug\link.1624-rc.read.1.tlog
C:\Users\m\Desktop\as4\Debug\link.1624-rc.write.1.tlog
C:\Users\m\Desktop\as4\Debug\link.1624.read.1.tlog
C:\Users\m\Desktop\as4\Debug\link.1624.write.1.tlog
C:\Users\m\Desktop\as4\Debug\link.2524-cvtres.read.1.tlog
C:\Users\m\Desktop\as4\Debug\link.2524-cvtres.write.1.tlog
C:\Users\m\Desktop\as4\Debug\link.2524-rc.read.1.tlog
C:\Users\m\Desktop\as4\Debug\link.2524-rc.write.1.tlog
C:\Users\m\Desktop\as4\Debug\link.2524.read.1.tlog
C:\Users\m\Desktop\as4\Debug\link.2524.write.1.tlog
C:\Users\m\Desktop\as4\Debug\link.3364-cvtres.read.1.tlog
C:\Users\m\Desktop\as4\Debug\link.3364-cvtres.write.1.tlog
C:\Users\m\Desktop\as4\Debug\link.3364-rc.read.1.tlog
C:\Users\m\Desktop\as4\Debug\link.3364-rc.write.1.tlog
C:\Users\m\Desktop\as4\Debug\link.3364.read.1.tlog
C:\Users\m\Desktop\as4\Debug\link.3364.write.1.tlog
C:\Users\m\Desktop\as4\Debug\link.3816-cvtres.read.1.tlog
C:\Users\m\Desktop\as4\Debug\link.3816-cvtres.write.1.tlog
C:\Users\m\Desktop\as4\Debug\link.3816-rc.read.1.tlog
C:\Users\m\Desktop\as4\Debug\link.3816-rc.write.1.tlog
C:\Users\m\Desktop\as4\Debug\link.3816.read.1.tlog
C:\Users\m\Desktop\as4\Debug\link.3816.write.1.tlog
C:\Users\m\Desktop\as4\Debug\link.4524-cvtres.read.1.tlog
C:\Users\m\Desktop\as4\Debug\link.4524-cvtres.write.1.tlog
C:\Users\m\Desktop\as4\Debug\link.4524-rc.read.1.tlog
C:\Users\m\Desktop\as4\Debug\link.4524-rc.write.1.tlog
C:\Users\m\Desktop\as4\Debug\link.4524.read.1.tlog
C:\Users\m\Desktop\as4\Debug\link.4524.write.1.tlog
C:\Users\m\Desktop\as4\Debug\link.4680-cvtres.read.1.tlog
C:\Users\m\Desktop\as4\Debug\link.4680-cvtres.write.1.tlog
C:\Users\m\Desktop\as4\Debug\link.4680-rc.read.1.tlog
C:\Users\m\Desktop\as4\Debug\link.4680-rc.write.1.tlog
C:\Users\m\Desktop\as4\Debug\link.4680.read.1.tlog
C:\Users\m\Desktop\as4\Debug\link.4680.write.1.tlog
C:\Users\m\Desktop\as4\Debug\link.5508-cvtres.read.1.tlog
C:\Users\m\Desktop\as4\Debug\link.5508-cvtres.write.1.tlog
C:\Users\m\Desktop\as4\Debug\link.5508-rc.read.1.tlog
C:\Users\m\Desktop\as4\Debug\link.5508-rc.write.1.tlog
C:\Users\m\Desktop\as4\Debug\link.5508.read.1.tlog
C:\Users\m\Desktop\as4\Debug\link.5508.write.1.tlog
C:\Users\m\Desktop\as4\Debug\link.5908-cvtres.read.1.tlog
C:\Users\m\Desktop\as4\Debug\link.5908-cvtres.write.1.tlog
C:\Users\m\Desktop\as4\Debug\link.5908-rc.read.1.tlog
C:\Users\m\Desktop\as4\Debug\link.5908-rc.write.1.tlog
C:\Users\m\Desktop\as4\Debug\link.5908.read.1.tlog
C:\Users\m\Desktop\as4\Debug\link.5908.write.1.tlog
C:\Users\m\Desktop\as4\Debug\link.5924-cvtres.read.1.tlog
C:\Users\m\Desktop\as4\Debug\link.5924-cvtres.write.1.tlog
C:\Users\m\Desktop\as4\Debug\link.5924-rc.read.1.tlog
C:\Users\m\Desktop\as4\Debug\link.5924-rc.write.1.tlog
C:\Users\m\Desktop\as4\Debug\link.5924.read.1.tlog
C:\Users\m\Desktop\as4\Debug\link.5924.write.1.tlog
C:\Users\m\Desktop\as4\Debug\link.6004-cvtres.read.1.tlog
C:\Users\m\Desktop\as4\Debug\link.6004-cvtres.write.1.tlog
C:\Users\m\Desktop\as4\Debug\link.6004-rc.read.1.tlog
C:\Users\m\Desktop\as4\Debug\link.6004-rc.write.1.tlog
C:\Users\m\Desktop\as4\Debug\link.6004.read.1.tlog
C:\Users\m\Desktop\as4\Debug\link.6004.write.1.tlog
C:\Users\m\Desktop\as4\Debug\link.6208-cvtres.read.1.tlog
C:\Users\m\Desktop\as4\Debug\link.6208-cvtres.write.1.tlog
C:\Users\m\Desktop\as4\Debug\link.6208-rc.read.1.tlog
C:\Users\m\Desktop\as4\Debug\link.6208-rc.write.1.tlog
C:\Users\m\Desktop\as4\Debug\link.6208.read.1.tlog
C:\Users\m\Desktop\as4\Debug\link.6208.write.1.tlog
C:\Users\m\Desktop\as4\Debug\link.6772-cvtres.read.1.tlog
C:\Users\m\Desktop\as4\Debug\link.6772-cvtres.write.1.tlog
C:\Users\m\Desktop\as4\Debug\link.6772-rc.read.1.tlog
C:\Users\m\Desktop\as4\Debug\link.6772-rc.write.1.tlog
C:\Users\m\Desktop\as4\Debug\link.6772.read.1.tlog
C:\Users\m\Desktop\as4\Debug\link.6772.write.1.tlog
C:\Users\m\Desktop\as4\Debug\link.6860-cvtres.read.1.tlog
C:\Users\m\Desktop\as4\Debug\link.6860-cvtres.write.1.tlog
C:\Users\m\Desktop\as4\Debug\link.6860-rc.read.1.tlog
C:\Users\m\Desktop\as4\Debug\link.6860-rc.write.1.tlog
C:\Users\m\Desktop\as4\Debug\link.6860.read.1.tlog
C:\Users\m\Desktop\as4\Debug\link.6860.write.1.tlog
C:\Users\m\Desktop\as4\Debug\link.7604-cvtres.read.1.tlog
C:\Users\m\Desktop\as4\Debug\link.7604-cvtres.write.1.tlog
C:\Users\m\Desktop\as4\Debug\link.7604-rc.read.1.tlog
C:\Users\m\Desktop\as4\Debug\link.7604-rc.write.1.tlog
C:\Users\m\Desktop\as4\Debug\link.7604.read.1.tlog
C:\Users\m\Desktop\as4\Debug\link.7604.write.1.tlog
C:\Users\m\Desktop\as4\Debug\link.8888-cvtres.read.1.tlog
C:\Users\m\Desktop\as4\Debug\link.8888-cvtres.write.1.tlog
C:\Users\m\Desktop\as4\Debug\link.8888-rc.read.1.tlog
C:\Users\m\Desktop\as4\Debug\link.8888-rc.write.1.tlog
C:\Users\m\Desktop\as4\Debug\link.8888.read.1.tlog
C:\Users\m\Desktop\as4\Debug\link.8888.write.1.tlog
C:\Users\m\Desktop\as4\Debug\link.8896-cvtres.read.1.tlog
C:\Users\m\Desktop\as4\Debug\link.8896-cvtres.write.1.tlog
C:\Users\m\Desktop\as4\Debug\link.8896-rc.read.1.tlog
C:\Users\m\Desktop\as4\Debug\link.8896-rc.write.1.tlog
C:\Users\m\Desktop\as4\Debug\link.8896.read.1.tlog
C:\Users\m\Desktop\as4\Debug\link.8896.write.1.tlog
C:\Users\m\Desktop\as4\Debug\link.9300-cvtres.read.1.tlog
C:\Users\m\Desktop\as4\Debug\link.9300-cvtres.write.1.tlog
C:\Users\m\Desktop\as4\Debug\link.9300-rc.read.1.tlog
C:\Users\m\Desktop\as4\Debug\link.9300-rc.write.1.tlog
C:\Users\m\Desktop\as4\Debug\link.9300.read.1.tlog
C:\Users\m\Desktop\as4\Debug\link.9300.write.1.tlog
C:\Users\m\Desktop\as4\Debug\link.9336-cvtres.read.1.tlog
C:\Users\m\Desktop\as4\Debug\link.9336-cvtres.write.1.tlog
C:\Users\m\Desktop\as4\Debug\link.9336-rc.read.1.tlog
C:\Users\m\Desktop\as4\Debug\link.9336-rc.write.1.tlog
C:\Users\m\Desktop\as4\Debug\link.9336.read.1.tlog
C:\Users\m\Desktop\as4\Debug\link.9336.write.1.tlog
C:\Users\m\Desktop\as4\Debug\link.9444-cvtres.read.1.tlog
C:\Users\m\Desktop\as4\Debug\link.9444-cvtres.write.1.tlog
C:\Users\m\Desktop\as4\Debug\link.9444-rc.read.1.tlog
C:\Users\m\Desktop\as4\Debug\link.9444-rc.write.1.tlog
C:\Users\m\Desktop\as4\Debug\link.9444.read.1.tlog
C:\Users\m\Desktop\as4\Debug\link.9444.write.1.tlog
C:\Users\m\Desktop\as4\Debug\link.9672-cvtres.read.1.tlog
C:\Users\m\Desktop\as4\Debug\link.9672-cvtres.write.1.tlog
C:\Users\m\Desktop\as4\Debug\link.9672-rc.read.1.tlog
C:\Users\m\Desktop\as4\Debug\link.9672-rc.write.1.tlog
C:\Users\m\Desktop\as4\Debug\link.9672.read.1.tlog
C:\Users\m\Desktop\as4\Debug\link.9672.write.1.tlog
C:\Users\m\Desktop\as4\Debug\link.command.1.tlog
C:\Users\m\Desktop\as4\Debug\link.read.1.tlog
C:\Users\m\Desktop\as4\Debug\link.write.1.tlog
C:\Users\m\Desktop\as4\Debug\vc110.idb
C:\Users\m\Desktop\as4\Debug\as1.pdb
C:\Users\m\Desktop\as4\Debug\vc110.pdb
C:\Users\m\Desktop\as4\Debug\as1.exe
